cabal: Entering directory '/var/folders/9p/f4g3l2px6f1bxqkqzfx27ntw0000gn/T/cabal-tmp-38744/data-default-class-0.1.2.0'
Configuring data-default-class-0.1.2.0...
Building data-default-class-0.1.2.0...
Preprocessing library data-default-class-0.1.2.0...
[1 of 1] Compiling Data.Default.Class ( Data/Default/Class.hs, dist/dist-sandbox-2c4a8482/build/Data/Default/Class.o )
[1 of 1] Compiling Data.Default.Class ( Data/Default/Class.hs, dist/dist-sandbox-2c4a8482/build/Data/Default/Class.p_o )
Running Haddock for data-default-class-0.1.2.0...
Preprocessing library data-default-class-0.1.2.0...
Haddock coverage:
  67% (  2 /  3) in 'Data.Default.Class'
  Missing documentation for:
    Module header
Warning: Data.Default.Class: could not find link destinations for:
    GDefault
Documentation created:
dist/dist-sandbox-2c4a8482/doc/html/data-default-class/index.html
Creating package registration file:
/var/folders/9p/f4g3l2px6f1bxqkqzfx27ntw0000gn/T/pkgConf-data-default-class-0.1.216460350011025921153.0
Installing library in
/Users/nclandrei/Desktop/level4_coursework/FP/ax2/.cabal-sandbox/lib/x86_64-osx-ghc-8.0.1/data-default-class-0.1.2.0-FYQpjIylblBDctdkHAFeXA
Registering data-default-class-0.1.2.0...
cabal: Leaving directory '/var/folders/9p/f4g3l2px6f1bxqkqzfx27ntw0000gn/T/cabal-tmp-38744/data-default-class-0.1.2.0'
