cabal: Entering directory '/var/folders/9p/f4g3l2px6f1bxqkqzfx27ntw0000gn/T/cabal-tmp-38747/data-default-instances-old-locale-0.0.1'
Configuring data-default-instances-old-locale-0.0.1...
Building data-default-instances-old-locale-0.0.1...
Preprocessing library data-default-instances-old-locale-0.0.1...
[1 of 1] Compiling Data.Default.Instances.OldLocale ( Data/Default/Instances/OldLocale.hs, dist/dist-sandbox-2c4a8482/build/Data/Default/Instances/OldLocale.o )
[1 of 1] Compiling Data.Default.Instances.OldLocale ( Data/Default/Instances/OldLocale.hs, dist/dist-sandbox-2c4a8482/build/Data/Default/Instances/OldLocale.p_o )
Running Haddock for data-default-instances-old-locale-0.0.1...
Preprocessing library data-default-instances-old-locale-0.0.1...
Haddock coverage:
  50% (  1 /  2) in 'Data.Default.Instances.OldLocale'
  Missing documentation for:
    Module header
Documentation created:
dist/dist-sandbox-2c4a8482/doc/html/data-default-instances-old-locale/index.html
Creating package registration file:
/var/folders/9p/f4g3l2px6f1bxqkqzfx27ntw0000gn/T/pkgConf-data-default-instances-old-locale-0.02020739063107554536.1
Installing library in
/Users/nclandrei/Desktop/level4_coursework/FP/ax2/.cabal-sandbox/lib/x86_64-osx-ghc-8.0.1/data-default-instances-old-locale-0.0.1-LPOHPEJCJUa53W1ZYaHB84
Registering data-default-instances-old-locale-0.0.1...
cabal: Leaving directory '/var/folders/9p/f4g3l2px6f1bxqkqzfx27ntw0000gn/T/cabal-tmp-38747/data-default-instances-old-locale-0.0.1'
